<?xml version="1.0" encoding="UTF-8"?>
<!-- Generated by org.testng.reporters.JUnitReportReporter -->
<testsuite hostname="DESKTOP-RKENGEM" failures="0" tests="2" name="testRunnerTest4.TestRunnerTest4" time="0.716" errors="0" timestamp="2023-12-06T16:50:24 EST" skipped="0">
  <testcase classname="testRunnerTest4.TestRunnerTest4" name="runScenario" time="0.111"/>
  <testcase classname="testRunnerTest4.TestRunnerTest4" name="runScenario" time="0.605"/>
</testsuite> <!-- testRunnerTest4.TestRunnerTest4 -->
